<?xml version="1.0" encoding="UTF-8"?>
<coverage generated="1615292533556" clover="3.2.0">
  <project timestamp="1615292533556" name="All files">
    <metrics statements="8" coveredstatements="8" conditionals="2" coveredconditionals="2" methods="3" coveredmethods="3" elements="13" coveredelements="13" complexity="0" loc="8" ncloc="8" packages="1" files="2" classes="2"/>
    <file name="date.js" path="C:\Users\umutt\Drive (umut.taskiran7)\SOFTWARE\JavaScript\Kodluyoruz Bootcamp\Ödevler\6hafta-odev-taskiranumut\src\helpers\date.js">
      <metrics statements="4" coveredstatements="4" conditionals="0" coveredconditionals="0" methods="2" coveredmethods="2"/>
      <line num="1" count="1" type="stmt"/>
      <line num="2" count="1" type="stmt"/>
      <line num="5" count="1" type="stmt"/>
      <line num="6" count="1" type="stmt"/>
    </file>
    <file name="math.js" path="C:\Users\umutt\Drive (umut.taskiran7)\SOFTWARE\JavaScript\Kodluyoruz Bootcamp\Ödevler\6hafta-odev-taskiranumut\src\helpers\math.js">
      <metrics statements="4" coveredstatements="4" conditionals="2" coveredconditionals="2" methods="1" coveredmethods="1"/>
      <line num="1" count="1" type="stmt"/>
      <line num="2" count="2" type="cond" truecount="2" falsecount="0"/>
      <line num="3" count="1" type="stmt"/>
      <line num="5" count="1" type="stmt"/>
    </file>
  </project>
</coverage>
