{"C:\\Users\\umutt\\Drive (umut.taskiran7)\\SOFTWARE\\JavaScript\\Kodluyoruz Bootcamp\\Ödevler\\6hafta-odev-taskiranumut\\src\\helpers\\date.js": {"path":"C:\\Users\\umutt\\Drive (umut.taskiran7)\\SOFTWARE\\JavaScript\\Kodluyoruz Bootcamp\\Ödevler\\6hafta-odev-taskiranumut\\src\\helpers\\date.js","statementMap":{"0":{"start":{"line":1,"column":22},"end":{"line":3,"column":1}},"1":{"start":{"line":2,"column":2},"end":{"line":2,"column":20}},"2":{"start":{"line":5,"column":26},"end":{"line":7,"column":1}},"3":{"start":{"line":6,"column":2},"end":{"line":6,"column":52}}},"fnMap":{"0":{"name":"(anonymous_0)","decl":{"start":{"line":1,"column":22},"end":{"line":1,"column":23}},"loc":{"start":{"line":1,"column":28},"end":{"line":3,"column":1}},"line":1},"1":{"name":"(anonymous_1)","decl":{"start":{"line":5,"column":26},"end":{"line":5,"column":27}},"loc":{"start":{"line":5,"column":45},"end":{"line":7,"column":1}},"line":5}},"branchMap":{},"s":{"0":1,"1":1,"2":1,"3":1},"f":{"0":1,"1":1},"b":{},"_coverageSchema":"1a1c01bbd47fc00a2c39e90264f33305004495a9","hash":"2de9c93b85c2356378e296f6eaaba86e3d8daacc"}
,"C:\\Users\\umutt\\Drive (umut.taskiran7)\\SOFTWARE\\JavaScript\\Kodluyoruz Bootcamp\\Ödevler\\6hafta-odev-taskiranumut\\src\\helpers\\math.js": {"path":"C:\\Users\\umutt\\Drive (umut.taskiran7)\\SOFTWARE\\JavaScript\\Kodluyoruz Bootcamp\\Ödevler\\6hafta-odev-taskiranumut\\src\\helpers\\math.js","statementMap":{"0":{"start":{"line":1,"column":19},"end":{"line":6,"column":1}},"1":{"start":{"line":2,"column":2},"end":{"line":4,"column":3}},"2":{"start":{"line":3,"column":4},"end":{"line":3,"column":13}},"3":{"start":{"line":5,"column":2},"end":{"line":5,"column":15}}},"fnMap":{"0":{"name":"(anonymous_0)","decl":{"start":{"line":1,"column":19},"end":{"line":1,"column":20}},"loc":{"start":{"line":1,"column":29},"end":{"line":6,"column":1}},"line":1}},"branchMap":{"0":{"loc":{"start":{"line":2,"column":2},"end":{"line":4,"column":3}},"type":"if","locations":[{"start":{"line":2,"column":2},"end":{"line":4,"column":3}},{"start":{"line":2,"column":2},"end":{"line":4,"column":3}}],"line":2}},"s":{"0":1,"1":2,"2":1,"3":1},"f":{"0":2},"b":{"0":[1,1]},"_coverageSchema":"1a1c01bbd47fc00a2c39e90264f33305004495a9","hash":"9bcbafe963baafb9be4eff29b678303b772968d5"}
}
